1715544325932|starting register component.
1715544333595|Adding nodeInfo: n44 Neighbours : []
1715544333598|Adding nodeInfo: n43 Neighbours : []
1715544333602|Adding nodeInfo: n12 Neighbours : []
1715544333602|Adding nodeInfo: n28 Neighbours : [n43]
1715544333604|Adding nodeInfo: n10 Neighbours : []
1715544333610|Adding nodeInfo: n22 Neighbours : [n12]
1715544333613|Adding nodeInfo: n33 Neighbours : [n43, n28]
1715544333615|Adding nodeInfo: n17 Neighbours : [n12, n22]
1715544333617|Adding nodeInfo: n50 Neighbours : [n33]
1715544333620|Adding nodeInfo: n6 Neighbours : [n12, n10]
1715544333625|Adding nodeInfo: n29 Neighbours : [n33, n17, n43, n10]
1715544333632|Adding nodeInfo: n49 Neighbours : [n44]
1715544333633|Adding nodeInfo: n34 Neighbours : [n22, n44, n29]
1715544333634|Adding nodeInfo: n14 Neighbours : [n28, n10]
1715544333635|Adding nodeInfo: n3 Neighbours : [n17, n6]
1715544333636|Adding nodeInfo: n8 Neighbours : [n12, n22, n3]
1715544333642|Adding nodeInfo: n20 Neighbours : [n12, n28, n10, n34]
1715544333644|Adding nodeInfo: n1 Neighbours : [n6, n14]
1715544333652|Adding nodeInfo: n2 Neighbours : [n12, n6]
1715544333653|Adding nodeInfo: n35 Neighbours : [n43, n22, n49, n29]
1715544333654|Adding nodeInfo: n30 Neighbours : [n35, n22, n20, n34]
1715544333654|Adding nodeInfo: n4 Neighbours : [n8]
1715544333655|Adding nodeInfo: n5 Neighbours : [n1, n10]
1715544333655|Adding nodeInfo: n11 Neighbours : [n17, n6, n3, n14]
1715544333656|Adding nodeInfo: n48 Neighbours : [n43, n44]
1715544333658|Adding nodeInfo: n45 Neighbours : [n35, n49]
1715544333661|Adding nodeInfo: n7 Neighbours : [n12, n3, n2, n11]
1715544333662|Adding nodeInfo: n24 Neighbours : [n28, n20, n29, n14]
1715544333664|Adding nodeInfo: n26 Neighbours : [n45, n22, n20, n30]
1715544333665|Adding nodeInfo: n23 Neighbours : [n28, n20]
1715544333665|Adding nodeInfo: n9 Neighbours : [n17, n4]
1715544333666|Adding nodeInfo: n36 Neighbours : [n26, n44]
1715544333667|Adding nodeInfo: n37 Neighbours : [n50, n33, n23, n43]
1715544333667|Adding nodeInfo: n15 Neighbours : [n23, n20, n10, n11]
1715544333670|Adding nodeInfo: n47 Neighbours : [n50, n43, n37]
1715544333671|Adding nodeInfo: n27 Neighbours : [n35, n22]
1715544333671|Adding nodeInfo: n38 Neighbours : [n50, n33, n43, n34]
1715544333672|Adding nodeInfo: n25 Neighbours : [n17, n20, n30, n29]
1715544333673|Adding nodeInfo: n39 Neighbours : [n43, n35, n44, n34]
1715544333674|Adding nodeInfo: n21 Neighbours : [n17, n26, n25, n11]
1715544333675|Adding nodeInfo: n46 Neighbours : [n50, n38]
1715544333676|Adding nodeInfo: n19 Neighbours : [n23, n24, n15, n14]
1715544333677|Adding nodeInfo: n13 Neighbours : [n8, n17, n9, n27]
1715544333678|Adding nodeInfo: n32 Neighbours : [n28, n37]
1715544333683|Adding nodeInfo: n16 Neighbours : [n12, n20, n21, n11]
1715544333684|Adding nodeInfo: n41 Neighbours : [n46, n37]
1715544333685|Adding nodeInfo: n42 Neighbours : [n47, n46, n38, n37]
1715544333685|Adding nodeInfo: n18 Neighbours : [n13, n22]
1715544333686|Adding nodeInfo: n40 Neighbours : [n35, n45, n36, n44]
1715544333701|Adding nodeInfo: n31 Neighbours : [n35, n36, n26, n27]
1715544334580|Request findByIdentifier received on n5
1715544334581|Request findByIdentifier received on n5
1715544334583|Request findByIdentifier received on n5
1715544334583|Request findByIdentifier received on n5
1715544334583|Request findByIdentifier received on n5
1715544355959|stopping Register component.
